make all --print-data-base --no-builtin-variables --no-builtin-rules --question
# GNU Make 3.81
# Copyright (C) 2006  Free Software Foundation, Inc.
# This is free software; see the source for copying conditions.
# There is NO warranty; not even for MERCHANTABILITY or FITNESS FOR A
# PARTICULAR PURPOSE.

# This program built for i386-apple-darwin11.3.0

# Make data base, printed on Thu Jul 28 08:57:22 2022

# Variables

# automatic
<D = $(patsubst %/,%,$(dir $<))
# automatic
?F = $(notdir $?)
# makefile (from `Makefile', line 3)
SRC = main.c error_management.c error_management_1.c window.c
# automatic
?D = $(patsubst %/,%,$(dir $?))
# automatic
@D = $(patsubst %/,%,$(dir $@))
# automatic
@F = $(notdir $@)
# makefile
CURDIR := /Users/aelandal/Desktop/jawaher 2
# makefile
SHELL = /bin/sh
# environment
VSCODE_NLS_CONFIG = {"locale":"en-us","availableLanguages":{},"_languagePackSupport":true}
# environment
_ = /usr/bin/make
# makefile (from `Makefile', line 2)
CFLAGS = -Wall -Werror -Wextra -g 
# makefile (from `Makefile', line 1)
MAKEFILE_LIST :=  Makefile
# environment
VSCODE_CWD = /
# environment
Apple_PubSub_Socket_Render = /private/tmp/com.apple.launchd.iwDipCAFUf/Render
# environment
PATH = /goinfre/aelandal/miniconda3/bin:/usr/local/bin:/usr/bin:/bin:/usr/sbin:/sbin:/usr/local/munki
# environment
LSCOLORS = Gxfxcxdxbxegedabagacad
# environment
ELECTRON_RUN_AS_NODE = 1
# default
.FEATURES := target-specific order-only second-expansion else-if archives jobserver check-symlink
# environment
SSH_AUTH_SOCK = /private/tmp/com.apple.launchd.5PVZKcEn73/Listeners
# automatic
%F = $(notdir $%)
# environment
PWD = /Users/aelandal/Desktop/jawaher 2
# makefile (from `Makefile', line 5)
SO_LONG_OBJ = $(SRC:%.c=%.o)
# environment
ORIGINAL_XDG_CURRENT_DESKTOP = undefined
# environment
VSCODE_AMD_ENTRYPOINT = vs/workbench/api/node/extensionHostProcess
# environment
HOME = /Users/aelandal
# default
MAKEFILEPATH := /Applications/Xcode.app/Contents/Developer/Makefiles
# environment
VSCODE_CODE_CACHE_PATH = /Users/aelandal/Library/Application Support/Code/CachedData/b06ae3b2d2dbfe28bca3134cc6be65935cdfea6a
# environment
LOGNAME = aelandal
# environment
APPLICATION_INSIGHTS_NO_DIAGNOSTIC_CHANNEL = 1
# environment
ZSH = /Users/aelandal/.oh-my-zsh
# environment
VSCODE_HANDLES_UNCAUGHT_ERRORS = true
# automatic
^D = $(patsubst %/,%,$(dir $^))
# environment
XPC_FLAGS = 0x0
# default
MAKE = $(MAKE_COMMAND)
# default
MAKECMDGOALS := all
# environment
SHLVL = 1
# makefile (from `Makefile', line 1)
CC = cc
# default
MAKE_VERSION := 3.81
# environment
USER = aelandal
# makefile
.DEFAULT_GOAL := all
# environment
LESS = -R
# automatic
%D = $(patsubst %/,%,$(dir $%))
# default
MAKE_COMMAND := /Applications/Xcode.app/Contents/Developer/usr/bin/make
# default
.VARIABLES := 
# environment
TMPDIR = /var/folders/zz/zyxvpxvq6csfxvn_n0000hzm00047x/T/
# automatic
*F = $(notdir $*)
# environment
VSCODE_IPC_HOOK = /Users/aelandal/Library/Application Support/Code/1.69.1-main.sock
# environment
MallocNanoZone = 0
# makefile
MAKEFLAGS = Rrqp
# environment
MFLAGS = -Rrqp
# automatic
*D = $(patsubst %/,%,$(dir $*))
# environment
XPC_SERVICE_NAME = com.apple.xpc.launchd.oneshot.0x1000000b.Electron
# automatic
+D = $(patsubst %/,%,$(dir $+))
# automatic
+F = $(notdir $+)
# environment
__CF_USER_TEXT_ENCODING = 0x10FD:0:0
# environment
COMMAND_MODE = unix2003
# default
MAKEFILES := 
# automatic
<F = $(notdir $<)
# makefile (from `Makefile', line 4)
SO_LONG = so_long
# environment
PAGER = less
# environment
LC_ALL = C
# environment
SECURITYSESSIONID = 1874a
# automatic
^F = $(notdir $^)
# default
SUFFIXES := 
# default
.INCLUDE_DIRS = /usr/local/include
# environment
MAKELEVEL := 0
# environment
LANG = C
# environment
VSCODE_PID = 71464
# variable set hash-table stats:
# Load=68/1024=7%, Rehash=0, Collisions=3/100=3%

# Pattern-specific Variable Values

# No pattern-specific variable values.

# Directories

# . (device 16777227, inode 3743460): 20 files, no impossibilities.

# 20 files, no impossibilities in 1 directories.

# Implicit Rules

%.o: %.c
#  commands to execute (from `Makefile', line 26):
	@$(CC) $(CFLAGS) -c $^
	

# 1 implicit rules, 0 (0.0%) terminal.

# Files

all: so_long
#  Command-line target.
#  Implicit rule search has been done.
#  File does not exist.
#  File has been updated.
#  Needs to be updated (-q is set).
# variable set hash-table stats:
# Load=0/32=0%, Rehash=0, Collisions=0/4=0%

# Not a target:
main.c:
#  Implicit rule search has been done.
#  Last modified 2022-07-27 13:06:05
#  File has been updated.
#  Successfully updated.
# variable set hash-table stats:
# Load=0/32=0%, Rehash=0, Collisions=0/0=0%

window.o: window.c
#  Implicit rule search has been done.
#  Implicit/static pattern stem: `window'
#  Last modified 2022-07-27 20:42:44
#  File has been updated.
#  Needs to be updated (-q is set).
# automatic
# @ := window.o
# automatic
# % := 
# automatic
# * := window
# automatic
# + := window.c
# automatic
# | := 
# automatic
# < := window.c
# automatic
# ^ := window.c
# automatic
# ? := window.c
# variable set hash-table stats:
# Load=8/32=25%, Rehash=0, Collisions=1/13=8%
#  commands to execute (from `Makefile', line 26):
	@$(CC) $(CFLAGS) -c $^
	

# Not a target:
.SUFFIXES:
#  Implicit rule search has not been done.
#  Modification time never checked.
#  File has not been updated.

error_management.o: error_management.c
#  Implicit rule search has been done.
#  Implicit/static pattern stem: `error_management'
#  Last modified 2022-07-27 20:42:25
#  File has been updated.
#  Successfully updated.
# variable set hash-table stats:
# Load=0/32=0%, Rehash=0, Collisions=0/0=0%
#  commands to execute (from `Makefile', line 26):
	@$(CC) $(CFLAGS) -c $^
	

# Not a target:
Makefile:
#  Implicit rule search has been done.
#  Last modified 2022-07-27 10:22:54
#  File has been updated.
#  Successfully updated.
# variable set hash-table stats:
# Load=0/32=0%, Rehash=0, Collisions=0/0=0%

error_management_1.o: error_management_1.c
#  Implicit rule search has been done.
#  Implicit/static pattern stem: `error_management_1'
#  Last modified 2022-07-27 20:42:25
#  File has been updated.
#  Successfully updated.
# variable set hash-table stats:
# Load=0/32=0%, Rehash=0, Collisions=0/0=0%
#  commands to execute (from `Makefile', line 26):
	@$(CC) $(CFLAGS) -c $^
	

fclean: clean
#  Implicit rule search has not been done.
#  Modification time never checked.
#  File has not been updated.
#  commands to execute (from `Makefile', line 15):
	@rm -rf $(SO_LONG)
	@make -C libft fclean
	@printf "\033[1;36mProgram Deleted !\033[0m\n"
	

# Not a target:
window.c:
#  Implicit rule search has been done.
#  Last modified 2022-07-27 20:52:17
#  File has been updated.
#  Successfully updated.
# variable set hash-table stats:
# Load=0/32=0%, Rehash=0, Collisions=0/0=0%

# Not a target:
.DEFAULT:
#  Implicit rule search has not been done.
#  Modification time never checked.
#  File has not been updated.

# Not a target:
error_management.c:
#  Implicit rule search has been done.
#  Last modified 2022-07-27 20:19:34
#  File has been updated.
#  Successfully updated.
# variable set hash-table stats:
# Load=0/32=0%, Rehash=0, Collisions=0/0=0%

re: fclean all
#  Implicit rule search has not been done.
#  Modification time never checked.
#  File has not been updated.

clean:
#  Implicit rule search has not been done.
#  Modification time never checked.
#  File has not been updated.
#  commands to execute (from `Makefile', line 10):
	@rm -rf *.o 
	@make -C libft clean
	@printf "\033[1;36mObject Files Deleted !\033[0m\n"
	

make_libft:
#  Implicit rule search has not been done.
#  Modification time never checked.
#  File has not been updated.
#  commands to execute (from `Makefile', line 29):
	@make -C libft/ 
	@printf "\n\033[1;33m**** libft Compiled Succesfully ! ****\033[0m\n"
	

# Not a target:
error_management_1.c:
#  Implicit rule search has been done.
#  Last modified 2022-07-27 20:10:21
#  File has been updated.
#  Successfully updated.
# variable set hash-table stats:
# Load=0/32=0%, Rehash=0, Collisions=0/0=0%

main.o: main.c
#  Implicit rule search has been done.
#  Implicit/static pattern stem: `main'
#  Last modified 2022-07-27 20:42:25
 
#  File has been updated.
#  Successfully updated.
# variable set hash-table stats:
# Load=0/32=0%, Rehash=0, Collisions=0/0=0%
#  commands to execute (from `Makefile', line 26):
	@$(CC) $(CFLAGS) -c $^
	

so_long: main.o error_management.o error_management_1.o window.o make_libft
#  Implicit rule search has not been done.
#  Last modified 2022-07-27 20:42:45
#  File has been updated.
#  Needs to be updated (-q is set).
# variable set hash-table stats:
# Load=0/32=0%, Rehash=0, Collisions=0/4=0%
#  commands to execute (from `Makefile', line 22):
	@$(CC) $(CFLAGS) -lmlx -framework OpenGL -framework AppKit -L /usr/local/lib  $(SO_LONG_OBJ) ./libft/libft.a -o $(SO_LONG)
	@printf "\033[1;33m****so_long compiled Succesfully ! ****\033[0m\n"
	

# files hash-table stats:
# Load=17/1024=2%, Rehash=0, Collisions=0/51=0%
# VPATH Search Paths

# No `vpath' search paths.

# No general (`VPATH' variable) search path.

# # of strings in strcache: 1
# # of strcache buffers: 1
# strcache size: total = 4096 / max = 4096 / min = 4096 / avg = 4096
# strcache free: total = 4087 / max = 4087 / min = 4087 / avg = 4087

# Finished Make data base on Thu Jul 28 08:57:22 2022

 
